"C:/Users/PolyUser/Documents/Unreal Projects/Incubator/Content/Geometry/Meshes/CubeMaterial.uasset" 0
"C:/Users/PolyUser/Documents/Unreal Projects/Incubator/Content/Geometry/Meshes/1M_Cube_Chamfer.uasset" 1
"C:/Users/PolyUser/Documents/Unreal Projects/Incubator/Content/Mannequin/Character/Mesh/UE4_Mannequin_Skeleton.uasset" 2
"C:/Users/PolyUser/Documents/Unreal Projects/Incubator/Content/Mannequin/Animations/ThirdPersonJump_End.uasset" 3
"C:/Users/PolyUser/Documents/Unreal Projects/Incubator/Content/Mannequin/Character/Mesh/SK_Mannequin_Female_PhysicsAsset.uasset" 4
"C:/Users/PolyUser/Documents/Unreal Projects/Incubator/Content/Mannequin/Character/Textures/T_UE4Logo_N.uasset" 5
"C:/Users/PolyUser/Documents/Unreal Projects/Incubator/Content/Mannequin/Character/Textures/T_UE4Logo_Mask.uasset" 6
"C:/Users/PolyUser/Documents/Unreal Projects/Incubator/Content/Mannequin/Character/Textures/T_Male_N.uasset" 7
"C:/Users/PolyUser/Documents/Unreal Projects/Incubator/Content/Mannequin/Character/Textures/T_Male_Mask.uasset" 8
"C:/Users/PolyUser/Documents/Unreal Projects/Incubator/Content/Mannequin/Character/Materials/MaterialLayers/T_ML_Rubber_Blue_01_N.uasset" 9
"C:/Users/PolyUser/Documents/Unreal Projects/Incubator/Content/Mannequin/Character/Materials/MaterialLayers/T_ML_Rubber_Blue_01_D.uasset" 10
"C:/Users/PolyUser/Documents/Unreal Projects/Incubator/Content/Mannequin/Character/Materials/MaterialLayers/T_ML_Aluminum01_N.uasset" 11
"C:/Users/PolyUser/Documents/Unreal Projects/Incubator/Content/Mannequin/Character/Materials/MaterialLayers/T_ML_Aluminum01.uasset" 12
"C:/Users/PolyUser/Documents/Unreal Projects/Incubator/Content/Mannequin/Character/Materials/MaterialLayers/ML_SoftMetal_UE4.uasset" 13
"C:/Users/PolyUser/Documents/Unreal Projects/Incubator/Content/Mannequin/Character/Materials/MaterialLayers/ML_Plastic_Shiny_Beige_LOGO.uasset" 14
"C:/Users/PolyUser/Documents/Unreal Projects/Incubator/Content/Mannequin/Character/Materials/MaterialLayers/ML_Plastic_Shiny_Beige.uasset" 15
"C:/Users/PolyUser/Documents/Unreal Projects/Incubator/Content/Mannequin/Character/Materials/MaterialLayers/ML_GlossyBlack_Latex_UE4.uasset" 16
"../../../Engine/Content/Functions/MaterialLayerFunctions/MatLayerBlend_Simple.uasset" 17
"../../../Engine/Content/Functions/Engine_MaterialFunctions02/Utility/BlendAngleCorrectedNormals.uasset" 18
"../../../Engine/Content/Functions/MaterialLayerFunctions/MatLayerBlend_NormalBlend.uasset" 19
"C:/Users/PolyUser/Documents/Unreal Projects/Incubator/Content/Mannequin/Character/Materials/M_Male_Body.uasset" 20
"C:/Users/PolyUser/Documents/Unreal Projects/Incubator/Content/Mannequin/Character/Materials/M_UE4Man_ChestLogo.uasset" 21
"C:/Users/PolyUser/Documents/Unreal Projects/Incubator/Content/Mannequin/Character/Textures/T_Female_N.uasset" 22
"C:/Users/PolyUser/Documents/Unreal Projects/Incubator/Content/Mannequin/Character/Textures/T_Female_Mask.uasset" 23
"C:/Users/PolyUser/Documents/Unreal Projects/Incubator/Content/Mannequin/Character/Materials/MI_Female_Body.uasset" 24
"C:/Users/PolyUser/Documents/Unreal Projects/Incubator/Content/Mannequin/Character/Mesh/SK_Mannequin_Female.uasset" 25
"C:/Users/PolyUser/Documents/Unreal Projects/Incubator/Content/Scripts/Blueprint/NewBlueprint.uasset" 26
"C:/Users/PolyUser/Documents/Unreal Projects/Incubator/Content/StarterContent/Materials/M_Basic_Floor.uasset" 27
"C:/Users/PolyUser/Documents/Unreal Projects/Incubator/Content/StarterContent/Architecture/Floor_400x400.uasset" 28
"C:/Users/PolyUser/Documents/Unreal Projects/Incubator/Content/StarterContent/Materials/M_Basic_Wall.uasset" 29
"C:/Users/PolyUser/Documents/Unreal Projects/Incubator/Content/StarterContent/Architecture/Pillar_50x500.uasset" 30
"C:/Users/PolyUser/Documents/Unreal Projects/Incubator/Content/StarterContent/Materials/M_AssetPlatform.uasset" 31
"C:/Users/PolyUser/Documents/Unreal Projects/Incubator/Content/StarterContent/Architecture/SM_AssetPlatform.uasset" 32
"C:/Users/PolyUser/Documents/Unreal Projects/Incubator/Content/StarterContent/Architecture/Wall_400x200.uasset" 33
"C:/Users/PolyUser/Documents/Unreal Projects/Incubator/Content/StarterContent/Architecture/Wall_400x300.uasset" 34
"C:/Users/PolyUser/Documents/Unreal Projects/Incubator/Content/StarterContent/Architecture/Wall_400x400.uasset" 35
"C:/Users/PolyUser/Documents/Unreal Projects/Incubator/Content/StarterContent/Architecture/Wall_500x500.uasset" 36
"C:/Users/PolyUser/Documents/Unreal Projects/Incubator/Content/StarterContent/Architecture/Wall_Door_400x300.uasset" 37
"C:/Users/PolyUser/Documents/Unreal Projects/Incubator/Content/StarterContent/Architecture/Wall_Door_400x400.uasset" 38
"C:/Users/PolyUser/Documents/Unreal Projects/Incubator/Content/StarterContent/Architecture/Wall_Window_400x300.uasset" 39
"C:/Users/PolyUser/Documents/Unreal Projects/Incubator/Content/StarterContent/Architecture/Wall_Window_400x400.uasset" 40
"C:/Users/PolyUser/Documents/Unreal Projects/Incubator/Content/StarterContent/Audio/Collapse01.uasset" 41
"C:/Users/PolyUser/Documents/Unreal Projects/Incubator/Content/StarterContent/Audio/Collapse02.uasset" 42
"C:/Users/PolyUser/Documents/Unreal Projects/Incubator/Content/StarterContent/Audio/Collapse_Cue.uasset" 43
"C:/Users/PolyUser/Documents/Unreal Projects/Incubator/Content/StarterContent/Audio/Explosion01.uasset" 44
"C:/Users/PolyUser/Documents/Unreal Projects/Incubator/Content/StarterContent/Audio/Explosion02.uasset" 45
"C:/Users/PolyUser/Documents/Unreal Projects/Incubator/Content/StarterContent/Audio/Fire_Sparks01.uasset" 46
"C:/Users/PolyUser/Documents/Unreal Projects/Incubator/Content/StarterContent/Audio/Light01.uasset" 47
"C:/Users/PolyUser/Documents/Unreal Projects/Incubator/Content/StarterContent/Audio/Light01_Cue.uasset" 48
"C:/Users/PolyUser/Documents/Unreal Projects/Incubator/Content/StarterContent/Audio/Light02.uasset" 49
"C:/Users/PolyUser/Documents/Unreal Projects/Incubator/Content/StarterContent/Audio/Light02_Cue.uasset" 50
"C:/Users/PolyUser/Documents/Unreal Projects/Incubator/Content/StarterContent/Audio/Smoke01.uasset" 51
"C:/Users/PolyUser/Documents/Unreal Projects/Incubator/Content/StarterContent/Audio/Starter_Birds01.uasset" 52
"C:/Users/PolyUser/Documents/Unreal Projects/Incubator/Content/StarterContent/Audio/Starter_Music01.uasset" 53
"C:/Users/PolyUser/Documents/Unreal Projects/Incubator/Content/StarterContent/Audio/Starter_Music_Cue.uasset" 54
"C:/Users/PolyUser/Documents/Unreal Projects/Incubator/Content/StarterContent/Audio/Starter_Wind05.uasset" 55
"C:/Users/PolyUser/Documents/Unreal Projects/Incubator/Content/StarterContent/Audio/Starter_Wind06.uasset" 56
"C:/Users/PolyUser/Documents/Unreal Projects/Incubator/Content/StarterContent/Audio/Steam01.uasset" 57
"C:/Users/PolyUser/Documents/Unreal Projects/Incubator/Content/StarterContent/Textures/T_Lamp_N.uasset" 58
"C:/Users/PolyUser/Documents/Unreal Projects/Incubator/Content/StarterContent/Textures/T_Lamp_M.uasset" 59
"C:/Users/PolyUser/Documents/Unreal Projects/Incubator/Content/StarterContent/Props/Materials/M_Lamp.uasset" 60
"C:/Users/PolyUser/Documents/Unreal Projects/Incubator/Content/StarterContent/Props/SM_Lamp_Ceiling.uasset" 61
"C:/Users/PolyUser/Documents/Unreal Projects/Incubator/Content/StarterContent/Blueprints/Blueprint_CeilingLight.uasset" 62
"C:/Users/PolyUser/Documents/Unreal Projects/Incubator/Content/StarterContent/Textures/T_Smoke_Tiled_D.uasset" 63
"C:/Users/PolyUser/Documents/Unreal Projects/Incubator/Content/StarterContent/Textures/T_Smoke_SubUV.uasset" 64
"C:/Users/PolyUser/Documents/Unreal Projects/Incubator/Content/StarterContent/Particles/Materials/M_smoke_subUV.uasset" 65
"../../../Engine/Content/Functions/Engine_MaterialFunctions01/Gradient/RadialGradient.uasset" 66
"C:/Users/PolyUser/Documents/Unreal Projects/Incubator/Content/StarterContent/Particles/Materials/M_radial_ramp.uasset" 67
"C:/Users/PolyUser/Documents/Unreal Projects/Incubator/Content/StarterContent/Particles/Materials/m_flare_01.uasset" 68
"C:/Users/PolyUser/Documents/Unreal Projects/Incubator/Content/StarterContent/Textures/T_Explosion_SubUV.uasset" 69
"C:/Users/PolyUser/Documents/Unreal Projects/Incubator/Content/StarterContent/Particles/Materials/M_explosion_subUV.uasset" 70
"C:/Users/PolyUser/Documents/Unreal Projects/Incubator/Content/StarterContent/Textures/T_Burst_M.uasset" 71
"C:/Users/PolyUser/Documents/Unreal Projects/Incubator/Content/StarterContent/Particles/Materials/M_Burst.uasset" 72
"C:/Users/PolyUser/Documents/Unreal Projects/Incubator/Content/StarterContent/Particles/P_Explosion.uasset" 73
"C:/Users/PolyUser/Documents/Unreal Projects/Incubator/Content/StarterContent/Audio/Explosion_Cue.uasset" 74
"C:/Users/PolyUser/Documents/Unreal Projects/Incubator/Content/StarterContent/Blueprints/Blueprint_Effect_Explosion.uasset" 75
"C:/Users/PolyUser/Documents/Unreal Projects/Incubator/Content/StarterContent/Particles/Materials/M_Radial_Gradient.uasset" 76
"C:/Users/PolyUser/Documents/Unreal Projects/Incubator/Content/StarterContent/Textures/T_Water_N.uasset" 77
"C:/Users/PolyUser/Documents/Unreal Projects/Incubator/Content/StarterContent/Particles/Materials/M_Heat_Distortion.uasset" 78
"C:/Users/PolyUser/Documents/Unreal Projects/Incubator/Content/StarterContent/Textures/T_Fire_Tiled_D.uasset" 79
"C:/Users/PolyUser/Documents/Unreal Projects/Incubator/Content/StarterContent/Textures/T_Fire_SubUV.uasset" 80
"C:/Users/PolyUser/Documents/Unreal Projects/Incubator/Content/StarterContent/Particles/Materials/M_Fire_SubUV.uasset" 81
"C:/Users/PolyUser/Documents/Unreal Projects/Incubator/Content/StarterContent/Particles/P_Fire.uasset" 82
"C:/Users/PolyUser/Documents/Unreal Projects/Incubator/Content/StarterContent/Audio/Fire01.uasset" 83
"C:/Users/PolyUser/Documents/Unreal Projects/Incubator/Content/StarterContent/Audio/Fire01_Cue.uasset" 84
"C:/Users/PolyUser/Documents/Unreal Projects/Incubator/Content/StarterContent/Blueprints/Blueprint_Effect_Fire.uasset" 85
"C:/Users/PolyUser/Documents/Unreal Projects/Incubator/Content/StarterContent/Particles/P_Smoke.uasset" 86
"C:/Users/PolyUser/Documents/Unreal Projects/Incubator/Content/StarterContent/Audio/Smoke01_Cue.uasset" 87
"C:/Users/PolyUser/Documents/Unreal Projects/Incubator/Content/StarterContent/Blueprints/Blueprint_Effect_Smoke.uasset" 88
"C:/Users/PolyUser/Documents/Unreal Projects/Incubator/Content/StarterContent/Textures/T_Spark_Core.uasset" 89
"C:/Users/PolyUser/Documents/Unreal Projects/Incubator/Content/StarterContent/Particles/Materials/M_Spark.uasset" 90
"C:/Users/PolyUser/Documents/Unreal Projects/Incubator/Content/StarterContent/Particles/P_Sparks.uasset" 91
"C:/Users/PolyUser/Documents/Unreal Projects/Incubator/Content/StarterContent/Audio/Fire_Sparks01_Cue.uasset" 92
"C:/Users/PolyUser/Documents/Unreal Projects/Incubator/Content/StarterContent/Blueprints/Blueprint_Effect_Sparks.uasset" 93
"C:/Users/PolyUser/Documents/Unreal Projects/Incubator/Content/StarterContent/Particles/P_Steam_Lit.uasset" 94
"C:/Users/PolyUser/Documents/Unreal Projects/Incubator/Content/StarterContent/Audio/Steam01_Cue.uasset" 95
"C:/Users/PolyUser/Documents/Unreal Projects/Incubator/Content/StarterContent/Blueprints/Blueprint_Effect_Steam.uasset" 96
"C:/Users/PolyUser/Documents/Unreal Projects/Incubator/Content/StarterContent/Props/SM_Lamp_Wall.uasset" 97
"C:/Users/PolyUser/Documents/Unreal Projects/Incubator/Content/StarterContent/Blueprints/Blueprint_WallSconce.uasset" 98
"C:/Users/PolyUser/Documents/Unreal Projects/Incubator/Content/StarterContent/HDRI/HDRI_Epic_Courtyard_Daylight.uasset" 99
"../../../Engine/Content/Functions/Engine_MaterialFunctions01/Opacity/CameraDepthFade.uasset" 100
"../../../Engine/Content/EngineMaterials/T_Default_Material_Grid_N.uasset" 101
"../../../Engine/Content/EngineMaterials/T_Default_Material_Grid_M.uasset" 102
"../../../Engine/Content/EngineMaterials/WorldGridMaterial.uasset" 103
"C:/Users/PolyUser/Documents/Unreal Projects/Incubator/Content/StarterContent/Blueprints/Assets/SM_Arrows.uasset" 104
"../../../Engine/Content/EditorMaterials/Thumbnails/SkySphereMaterial.uasset" 105
"C:/Users/PolyUser/Documents/Unreal Projects/Incubator/Content/StarterContent/Blueprints/Assets/Skybox.uasset" 106
"../../../Engine/Content/MapTemplates/Sky/DaylightAmbientCubemap.uasset" 107
"C:/Users/PolyUser/Documents/Unreal Projects/Incubator/Content/StarterContent/Blueprints/Assets/M_LightStage_Skybox_Master.uasset" 108
"C:/Users/PolyUser/Documents/Unreal Projects/Incubator/Content/StarterContent/Blueprints/Assets/M_LightStage_Skybox_HDRI.uasset" 109
"C:/Users/PolyUser/Documents/Unreal Projects/Incubator/Content/StarterContent/Blueprints/Assets/M_LightStage_Skybox_Black.uasset" 110
"C:/Users/PolyUser/Documents/Unreal Projects/Incubator/Content/StarterContent/Blueprints/Assets/M_LightStage_Arrows.uasset" 111
"C:/Users/PolyUser/Documents/Unreal Projects/Incubator/Content/StarterContent/Blueprints/Assets/SunlightColorLUT.uasset" 112
"C:/Users/PolyUser/Documents/Unreal Projects/Incubator/Content/StarterContent/Blueprints/Assets/FogBrightnessLUT.uasset" 113
"C:/Users/PolyUser/Documents/Unreal Projects/Incubator/Content/StarterContent/Blueprints/BP_LightStudio.uasset" 114
"C:/Users/PolyUser/Documents/Unreal Projects/Incubator/Content/StarterContent/Textures/T_MacroVariation.uasset" 115
"C:/Users/PolyUser/Documents/Unreal Projects/Incubator/Content/StarterContent/Textures/T_Brick_Clay_Beveled_N.uasset" 116
"C:/Users/PolyUser/Documents/Unreal Projects/Incubator/Content/StarterContent/Textures/T_Brick_Clay_Beveled_M.uasset" 117
"C:/Users/PolyUser/Documents/Unreal Projects/Incubator/Content/StarterContent/Textures/T_Brick_Clay_Beveled_D.uasset" 118
"C:/Users/PolyUser/Documents/Unreal Projects/Incubator/Content/StarterContent/Materials/M_Brick_Clay_Beveled.uasset" 119
"C:/Users/PolyUser/Documents/Unreal Projects/Incubator/Content/StarterContent/Textures/T_Detail_Rocky_N.uasset" 120
"C:/Users/PolyUser/Documents/Unreal Projects/Incubator/Content/StarterContent/Textures/T_Brick_Clay_New_N.uasset" 121
"C:/Users/PolyUser/Documents/Unreal Projects/Incubator/Content/StarterContent/Textures/T_Brick_Clay_New_M.uasset" 122
"C:/Users/PolyUser/Documents/Unreal Projects/Incubator/Content/StarterContent/Textures/T_Brick_Clay_New_D.uasset" 123
"C:/Users/PolyUser/Documents/Unreal Projects/Incubator/Content/StarterContent/Materials/M_Brick_Clay_New.uasset" 124
"C:/Users/PolyUser/Documents/Unreal Projects/Incubator/Content/StarterContent/Textures/T_Perlin_Noise_M.uasset" 125
"C:/Users/PolyUser/Documents/Unreal Projects/Incubator/Content/StarterContent/Textures/T_Brick_Clay_Old_N.uasset" 126
"C:/Users/PolyUser/Documents/Unreal Projects/Incubator/Content/StarterContent/Textures/T_Brick_Clay_Old_D.uasset" 127
"C:/Users/PolyUser/Documents/Unreal Projects/Incubator/Content/StarterContent/Materials/M_Brick_Clay_Old.uasset" 128
"C:/Users/PolyUser/Documents/Unreal Projects/Incubator/Content/StarterContent/Textures/T_Brick_Cut_Stone_N.uasset" 129
"C:/Users/PolyUser/Documents/Unreal Projects/Incubator/Content/StarterContent/Textures/T_Brick_Cut_Stone_D.uasset" 130
"C:/Users/PolyUser/Documents/Unreal Projects/Incubator/Content/StarterContent/Materials/M_Brick_Cut_Stone.uasset" 131
"C:/Users/PolyUser/Documents/Unreal Projects/Incubator/Content/StarterContent/Textures/T_Brick_Hewn_Stone_N.uasset" 132
"C:/Users/PolyUser/Documents/Unreal Projects/Incubator/Content/StarterContent/Textures/T_Brick_Hewn_Stone_M.uasset" 133
"C:/Users/PolyUser/Documents/Unreal Projects/Incubator/Content/StarterContent/Textures/T_Brick_Hewn_Stone_D.uasset" 134
"C:/Users/PolyUser/Documents/Unreal Projects/Incubator/Content/StarterContent/Materials/M_Brick_Hewn_Stone.uasset" 135
"C:/Users/PolyUser/Documents/Unreal Projects/Incubator/Content/StarterContent/Textures/T_Rock_Marble_Polished_D.uasset" 136
"C:/Users/PolyUser/Documents/Unreal Projects/Incubator/Content/StarterContent/Textures/T_Ceramic_Tile_N.uasset" 137
"C:/Users/PolyUser/Documents/Unreal Projects/Incubator/Content/StarterContent/Textures/T_Ceramic_Tile_M.uasset" 138
"C:/Users/PolyUser/Documents/Unreal Projects/Incubator/Content/StarterContent/Materials/M_Ceramic_Tile_Checker.uasset" 139
"C:/Users/PolyUser/Documents/Unreal Projects/Incubator/Content/StarterContent/Textures/T_CobbleStone_Pebble_N.uasset" 140
"C:/Users/PolyUser/Documents/Unreal Projects/Incubator/Content/StarterContent/Textures/T_CobbleStone_Pebble_M.uasset" 141
"C:/Users/PolyUser/Documents/Unreal Projects/Incubator/Content/StarterContent/Textures/T_CobbleStone_Pebble_D.uasset" 142
"C:/Users/PolyUser/Documents/Unreal Projects/Incubator/Content/StarterContent/Materials/M_CobbleStone_Pebble.uasset" 143
"C:/Users/PolyUser/Documents/Unreal Projects/Incubator/Content/StarterContent/Textures/T_Rock_Smooth_Granite_D.uasset" 144
"C:/Users/PolyUser/Documents/Unreal Projects/Incubator/Content/StarterContent/Textures/T_Gradinet_01.uasset" 145
"C:/Users/PolyUser/Documents/Unreal Projects/Incubator/Content/StarterContent/Textures/T_CobbleStone_Rough_N.uasset" 146
"C:/Users/PolyUser/Documents/Unreal Projects/Incubator/Content/StarterContent/Textures/T_CobbleStone_Rough_D.uasset" 147
"C:/Users/PolyUser/Documents/Unreal Projects/Incubator/Content/StarterContent/Materials/M_CobbleStone_Rough.uasset" 148
"C:/Users/PolyUser/Documents/Unreal Projects/Incubator/Content/StarterContent/Textures/T_CobbleStone_Smooth_N.uasset" 149
"C:/Users/PolyUser/Documents/Unreal Projects/Incubator/Content/StarterContent/Textures/T_CobbleStone_Smooth_M.uasset" 150
"C:/Users/PolyUser/Documents/Unreal Projects/Incubator/Content/StarterContent/Textures/T_CobbleStone_Smooth_D.uasset" 151
"C:/Users/PolyUser/Documents/Unreal Projects/Incubator/Content/StarterContent/Materials/M_CobbleStone_Smooth.uasset" 152
"../../../Engine/Content/EditorMeshes/ColorCalibrator/T_ColorGrid.uasset" 153
"C:/Users/PolyUser/Documents/Unreal Projects/Incubator/Content/StarterContent/Materials/M_ColorGrid_LowSpec.uasset" 154
"C:/Users/PolyUser/Documents/Unreal Projects/Incubator/Content/StarterContent/Textures/T_Metal_Rust_N.uasset" 155
"C:/Users/PolyUser/Documents/Unreal Projects/Incubator/Content/StarterContent/Textures/T_Concrete_Grime_D.uasset" 156
"C:/Users/PolyUser/Documents/Unreal Projects/Incubator/Content/StarterContent/Materials/M_Concrete_Grime.uasset" 157
"C:/Users/PolyUser/Documents/Unreal Projects/Incubator/Content/StarterContent/Textures/T_Concrete_Panels_N.uasset" 158
"C:/Users/PolyUser/Documents/Unreal Projects/Incubator/Content/StarterContent/Textures/T_Concrete_Panels_D.uasset" 159
"C:/Users/PolyUser/Documents/Unreal Projects/Incubator/Content/StarterContent/Materials/M_Concrete_Panels.uasset" 160
"C:/Users/PolyUser/Documents/Unreal Projects/Incubator/Content/StarterContent/Textures/T_Concrete_Poured_N.uasset" 161
"C:/Users/PolyUser/Documents/Unreal Projects/Incubator/Content/StarterContent/Textures/T_Concrete_Poured_D.uasset" 162
"C:/Users/PolyUser/Documents/Unreal Projects/Incubator/Content/StarterContent/Materials/M_Concrete_Poured.uasset" 163
"C:/Users/PolyUser/Documents/Unreal Projects/Incubator/Content/StarterContent/Textures/T_Concrete_Tiles_Variation_M.uasset" 164
"C:/Users/PolyUser/Documents/Unreal Projects/Incubator/Content/StarterContent/Textures/T_Concrete_Tiles_N.uasset" 165
"C:/Users/PolyUser/Documents/Unreal Projects/Incubator/Content/StarterContent/Textures/T_Concrete_Tiles_M.uasset" 166
"C:/Users/PolyUser/Documents/Unreal Projects/Incubator/Content/StarterContent/Textures/T_Concrete_Tiles_D.uasset" 167
"C:/Users/PolyUser/Documents/Unreal Projects/Incubator/Content/StarterContent/Materials/M_Concrete_Tiles.uasset" 168
"C:/Users/PolyUser/Documents/Unreal Projects/Incubator/Content/StarterContent/Textures/T_Ground_Grass_N.uasset" 169
"C:/Users/PolyUser/Documents/Unreal Projects/Incubator/Content/StarterContent/Textures/T_Ground_Grass_D.uasset" 170
"C:/Users/PolyUser/Documents/Unreal Projects/Incubator/Content/StarterContent/Materials/M_Ground_Grass.uasset" 171
"C:/Users/PolyUser/Documents/Unreal Projects/Incubator/Content/StarterContent/Textures/T_Ground_Gravel_N.uasset" 172
"C:/Users/PolyUser/Documents/Unreal Projects/Incubator/Content/StarterContent/Textures/T_Ground_Gravel_D.uasset" 173
"C:/Users/PolyUser/Documents/Unreal Projects/Incubator/Content/StarterContent/Materials/M_Ground_Gravel.uasset" 174
"C:/Users/PolyUser/Documents/Unreal Projects/Incubator/Content/StarterContent/Textures/T_Ground_Moss_N.uasset" 175
"C:/Users/PolyUser/Documents/Unreal Projects/Incubator/Content/StarterContent/Textures/T_ground_Moss_D.uasset" 176
"C:/Users/PolyUser/Documents/Unreal Projects/Incubator/Content/StarterContent/Materials/M_Ground_Moss.uasset" 177
"C:/Users/PolyUser/Documents/Unreal Projects/Incubator/Content/StarterContent/Materials/M_Metal_Brushed_Nickel.uasset" 178
"C:/Users/PolyUser/Documents/Unreal Projects/Incubator/Content/StarterContent/Textures/T_Metal_Gold_N.uasset" 179
"C:/Users/PolyUser/Documents/Unreal Projects/Incubator/Content/StarterContent/Textures/T_Metal_Aluminum_D.uasset" 180
"C:/Users/PolyUser/Documents/Unreal Projects/Incubator/Content/StarterContent/Materials/M_Metal_Burnished_Steel.uasset" 181
"C:/Users/PolyUser/Documents/Unreal Projects/Incubator/Content/StarterContent/Materials/M_Metal_Chrome.uasset" 182
"C:/Users/PolyUser/Documents/Unreal Projects/Incubator/Content/StarterContent/Textures/T_Metal_Copper_D.uasset" 183
"C:/Users/PolyUser/Documents/Unreal Projects/Incubator/Content/StarterContent/Materials/M_Metal_Copper.uasset" 184
"C:/Users/PolyUser/Documents/Unreal Projects/Incubator/Content/StarterContent/Textures/T_Metal_Gold_D.uasset" 185
"C:/Users/PolyUser/Documents/Unreal Projects/Incubator/Content/StarterContent/Materials/M_Metal_Gold.uasset" 186
"C:/Users/PolyUser/Documents/Unreal Projects/Incubator/Content/StarterContent/Textures/T_Metal_Steel_N.uasset" 187
"C:/Users/PolyUser/Documents/Unreal Projects/Incubator/Content/StarterContent/Textures/T_Metal_Steel_D.uasset" 188
"C:/Users/PolyUser/Documents/Unreal Projects/Incubator/Content/StarterContent/Materials/M_Metal_Steel.uasset" 189
"C:/Users/PolyUser/Documents/Unreal Projects/Incubator/Content/StarterContent/Textures/T_Rock_Basalt_N.uasset" 190
"C:/Users/PolyUser/Documents/Unreal Projects/Incubator/Content/StarterContent/Textures/T_Rock_Basalt_D.uasset" 191
"C:/Users/PolyUser/Documents/Unreal Projects/Incubator/Content/StarterContent/Materials/M_Rock_Basalt.uasset" 192
"C:/Users/PolyUser/Documents/Unreal Projects/Incubator/Content/StarterContent/Materials/M_Rock_Marble_Polished.uasset" 193
"C:/Users/PolyUser/Documents/Unreal Projects/Incubator/Content/StarterContent/Textures/T_Rock_Sandstone_N.uasset" 194
"C:/Users/PolyUser/Documents/Unreal Projects/Incubator/Content/StarterContent/Textures/T_Rock_Sandstone_D.uasset" 195
"C:/Users/PolyUser/Documents/Unreal Projects/Incubator/Content/StarterContent/Materials/M_Rock_Sandstone.uasset" 196
"C:/Users/PolyUser/Documents/Unreal Projects/Incubator/Content/StarterContent/Textures/T_Rock_Slate_N.uasset" 197
"C:/Users/PolyUser/Documents/Unreal Projects/Incubator/Content/StarterContent/Textures/T_Rock_Slate_D.uasset" 198
"C:/Users/PolyUser/Documents/Unreal Projects/Incubator/Content/StarterContent/Materials/M_Rock_Slate.uasset" 199
"C:/Users/PolyUser/Documents/Unreal Projects/Incubator/Content/StarterContent/Textures/T_Tech_Dot_N.uasset" 200
"C:/Users/PolyUser/Documents/Unreal Projects/Incubator/Content/StarterContent/Textures/T_Tech_Dot_M.uasset" 201
"C:/Users/PolyUser/Documents/Unreal Projects/Incubator/Content/StarterContent/Textures/T_Single_Tile_N.uasset" 202
"C:/Users/PolyUser/Documents/Unreal Projects/Incubator/Content/StarterContent/Textures/T_Checker_Noise_M.uasset" 203
"C:/Users/PolyUser/Documents/Unreal Projects/Incubator/Content/StarterContent/Materials/M_Tech_Checker_Dot.uasset" 204
"C:/Users/PolyUser/Documents/Unreal Projects/Incubator/Content/StarterContent/Textures/T_Tech_Hex_Tile_N.uasset" 205
"C:/Users/PolyUser/Documents/Unreal Projects/Incubator/Content/StarterContent/Textures/T_Tech_Hex_Tile_M.uasset" 206
"C:/Users/PolyUser/Documents/Unreal Projects/Incubator/Content/StarterContent/Materials/M_Tech_Hex_Tile_Pulse.uasset" 207
"C:/Users/PolyUser/Documents/Unreal Projects/Incubator/Content/StarterContent/Textures/T_Tech_Panel_N.uasset" 208
"C:/Users/PolyUser/Documents/Unreal Projects/Incubator/Content/StarterContent/Textures/T_Tech_Panel_M.uasset" 209
"C:/Users/PolyUser/Documents/Unreal Projects/Incubator/Content/StarterContent/Materials/M_Tech_Panel.uasset" 210
"C:/Users/PolyUser/Documents/Unreal Projects/Incubator/Content/StarterContent/Materials/M_Water_Lake.uasset" 211
"C:/Users/PolyUser/Documents/Unreal Projects/Incubator/Content/StarterContent/Textures/T_Water_M.uasset" 212
"C:/Users/PolyUser/Documents/Unreal Projects/Incubator/Content/StarterContent/Materials/M_Water_Ocean.uasset" 213
"C:/Users/PolyUser/Documents/Unreal Projects/Incubator/Content/StarterContent/Textures/T_Wood_Floor_Walnut_N.uasset" 214
"C:/Users/PolyUser/Documents/Unreal Projects/Incubator/Content/StarterContent/Textures/T_Wood_Floor_Walnut_M.uasset" 215
"C:/Users/PolyUser/Documents/Unreal Projects/Incubator/Content/StarterContent/Textures/T_Wood_Floor_Walnut_D.uasset" 216
"C:/Users/PolyUser/Documents/Unreal Projects/Incubator/Content/StarterContent/Materials/M_Wood_Floor_Walnut_Polished.uasset" 217
"../../../Engine/Content/Functions/Engine_MaterialFunctions01/Opacity/AlphaOffset.uasset" 218
"C:/Users/PolyUser/Documents/Unreal Projects/Incubator/Content/StarterContent/Materials/M_Wood_Floor_Walnut_Worn.uasset" 219
"C:/Users/PolyUser/Documents/Unreal Projects/Incubator/Content/StarterContent/Textures/T_Wood_Oak_N.uasset" 220
"C:/Users/PolyUser/Documents/Unreal Projects/Incubator/Content/StarterContent/Textures/T_Wood_Oak_D.uasset" 221
"C:/Users/PolyUser/Documents/Unreal Projects/Incubator/Content/StarterContent/Materials/M_Wood_Oak.uasset" 222
"C:/Users/PolyUser/Documents/Unreal Projects/Incubator/Content/StarterContent/Textures/T_Wood_Pine_N.uasset" 223
"C:/Users/PolyUser/Documents/Unreal Projects/Incubator/Content/StarterContent/Textures/T_Wood_Pine_D.uasset" 224
"C:/Users/PolyUser/Documents/Unreal Projects/Incubator/Content/StarterContent/Materials/M_Wood_Pine.uasset" 225
"C:/Users/PolyUser/Documents/Unreal Projects/Incubator/Content/StarterContent/Textures/T_Dust_Particle_D.uasset" 226
"C:/Users/PolyUser/Documents/Unreal Projects/Incubator/Content/StarterContent/Particles/Materials/M_Dust_Particle.uasset" 227
"C:/Users/PolyUser/Documents/Unreal Projects/Incubator/Content/StarterContent/Particles/P_Ambient_Dust.uasset" 228
"C:/Users/PolyUser/Documents/Unreal Projects/Incubator/Content/StarterContent/Props/MaterialSphere.uasset" 229
"C:/Users/PolyUser/Documents/Unreal Projects/Incubator/Content/StarterContent/Textures/T_Chair_N.uasset" 230
"C:/Users/PolyUser/Documents/Unreal Projects/Incubator/Content/StarterContent/Textures/T_Chair_M.uasset" 231
"C:/Users/PolyUser/Documents/Unreal Projects/Incubator/Content/StarterContent/Props/Materials/M_Chair.uasset" 232
"C:/Users/PolyUser/Documents/Unreal Projects/Incubator/Content/StarterContent/Props/SM_Chair.uasset" 233
"C:/Users/PolyUser/Documents/Unreal Projects/Incubator/Content/StarterContent/Textures/T_Frame_N.uasset" 234
"C:/Users/PolyUser/Documents/Unreal Projects/Incubator/Content/StarterContent/Textures/T_Frame_M.uasset" 235
"C:/Users/PolyUser/Documents/Unreal Projects/Incubator/Content/StarterContent/Props/Materials/M_Frame.uasset" 236
"C:/Users/PolyUser/Documents/Unreal Projects/Incubator/Content/StarterContent/Props/SM_CornerFrame.uasset" 237
"C:/Users/PolyUser/Documents/Unreal Projects/Incubator/Content/StarterContent/Props/SM_Couch.uasset" 238
"C:/Users/PolyUser/Documents/Unreal Projects/Incubator/Content/StarterContent/Textures/T_Door_N.uasset" 239
"C:/Users/PolyUser/Documents/Unreal Projects/Incubator/Content/StarterContent/Textures/T_Door_M.uasset" 240
"C:/Users/PolyUser/Documents/Unreal Projects/Incubator/Content/StarterContent/Props/Materials/M_Door.uasset" 241
"C:/Users/PolyUser/Documents/Unreal Projects/Incubator/Content/StarterContent/Materials/M_Glass.uasset" 242
"C:/Users/PolyUser/Documents/Unreal Projects/Incubator/Content/StarterContent/Props/SM_Door.uasset" 243
"C:/Users/PolyUser/Documents/Unreal Projects/Incubator/Content/StarterContent/Props/SM_DoorFrame.uasset" 244
"C:/Users/PolyUser/Documents/Unreal Projects/Incubator/Content/StarterContent/Props/Materials/M_MaterialSphere_Plain.uasset" 245
"C:/Users/PolyUser/Documents/Unreal Projects/Incubator/Content/StarterContent/Props/Materials/M_MaterialSphere.uasset" 246
"C:/Users/PolyUser/Documents/Unreal Projects/Incubator/Content/StarterContent/Props/SM_MatPreviewMesh_02.uasset" 247
"C:/Users/PolyUser/Documents/Unreal Projects/Incubator/Content/StarterContent/Props/SM_PillarFrame.uasset" 248
"C:/Users/PolyUser/Documents/Unreal Projects/Incubator/Content/StarterContent/Props/SM_PillarFrame300.uasset" 249
"C:/Users/PolyUser/Documents/Unreal Projects/Incubator/Content/StarterContent/Textures/T_Shelf_N.uasset" 250
"C:/Users/PolyUser/Documents/Unreal Projects/Incubator/Content/StarterContent/Textures/T_Shelf_M.uasset" 251
"C:/Users/PolyUser/Documents/Unreal Projects/Incubator/Content/StarterContent/Props/Materials/M_Shelf.uasset" 252
"C:/Users/PolyUser/Documents/Unreal Projects/Incubator/Content/StarterContent/Props/SM_Shelf.uasset" 253
"C:/Users/PolyUser/Documents/Unreal Projects/Incubator/Content/StarterContent/Props/SM_Stairs.uasset" 254
"C:/Users/PolyUser/Documents/Unreal Projects/Incubator/Content/StarterContent/Textures/T_Statue_N.uasset" 255
"C:/Users/PolyUser/Documents/Unreal Projects/Incubator/Content/StarterContent/Textures/T_Statue_M.uasset" 256
"C:/Users/PolyUser/Documents/Unreal Projects/Incubator/Content/StarterContent/Props/Materials/M_StatueGlass.uasset" 257
"C:/Users/PolyUser/Documents/Unreal Projects/Incubator/Content/StarterContent/Props/Materials/M_Statue.uasset" 258
"C:/Users/PolyUser/Documents/Unreal Projects/Incubator/Content/StarterContent/Props/SM_Statue.uasset" 259
"C:/Users/PolyUser/Documents/Unreal Projects/Incubator/Content/StarterContent/Textures/T_TableRound_N.uasset" 260
"C:/Users/PolyUser/Documents/Unreal Projects/Incubator/Content/StarterContent/Textures/T_TableRound_M.uasset" 261
"C:/Users/PolyUser/Documents/Unreal Projects/Incubator/Content/StarterContent/Props/Materials/M_TableRound.uasset" 262
"C:/Users/PolyUser/Documents/Unreal Projects/Incubator/Content/StarterContent/Props/SM_TableRound.uasset" 263
"C:/Users/PolyUser/Documents/Unreal Projects/Incubator/Content/StarterContent/Props/SM_WindowFrame.uasset" 264
"C:/Users/PolyUser/Documents/Unreal Projects/Incubator/Content/StarterContent/Shapes/Shape_Cone.uasset" 265
"C:/Users/PolyUser/Documents/Unreal Projects/Incubator/Content/StarterContent/Shapes/Shape_Cube.uasset" 266
"C:/Users/PolyUser/Documents/Unreal Projects/Incubator/Content/StarterContent/Shapes/Shape_Cylinder.uasset" 267
"C:/Users/PolyUser/Documents/Unreal Projects/Incubator/Content/StarterContent/Shapes/Shape_NarrowCapsule.uasset" 268
"C:/Users/PolyUser/Documents/Unreal Projects/Incubator/Content/StarterContent/Shapes/Shape_Pipe_180.uasset" 269
"C:/Users/PolyUser/Documents/Unreal Projects/Incubator/Content/StarterContent/Shapes/Shape_Pipe_90.uasset" 270
"C:/Users/PolyUser/Documents/Unreal Projects/Incubator/Content/StarterContent/Shapes/Shape_Plane.uasset" 271
"C:/Users/PolyUser/Documents/Unreal Projects/Incubator/Content/StarterContent/Shapes/Shape_QuadPyramid.uasset" 272
"C:/Users/PolyUser/Documents/Unreal Projects/Incubator/Content/StarterContent/Shapes/Shape_Sphere.uasset" 273
"C:/Users/PolyUser/Documents/Unreal Projects/Incubator/Content/StarterContent/Shapes/Shape_Torus.uasset" 274
"C:/Users/PolyUser/Documents/Unreal Projects/Incubator/Content/StarterContent/Shapes/Shape_Trim.uasset" 275
"C:/Users/PolyUser/Documents/Unreal Projects/Incubator/Content/StarterContent/Shapes/Shape_Trim_90_In.uasset" 276
"C:/Users/PolyUser/Documents/Unreal Projects/Incubator/Content/StarterContent/Shapes/Shape_Trim_90_Out.uasset" 277
"C:/Users/PolyUser/Documents/Unreal Projects/Incubator/Content/StarterContent/Shapes/Shape_TriPyramid.uasset" 278
"C:/Users/PolyUser/Documents/Unreal Projects/Incubator/Content/StarterContent/Shapes/Shape_Tube.uasset" 279
"C:/Users/PolyUser/Documents/Unreal Projects/Incubator/Content/StarterContent/Shapes/Shape_Wedge_A.uasset" 280
"C:/Users/PolyUser/Documents/Unreal Projects/Incubator/Content/StarterContent/Shapes/Shape_Wedge_B.uasset" 281
"C:/Users/PolyUser/Documents/Unreal Projects/Incubator/Content/StarterContent/Shapes/Shape_WideCapsule.uasset" 282
"C:/Users/PolyUser/Documents/Unreal Projects/Incubator/Content/StarterContent/Materials/M_Tech_Hex_Tile.uasset" 283
"C:/Users/PolyUser/Documents/Unreal Projects/Incubator/Content/Scripts/Blueprint/AI/Enum/Enum_Char.uasset" 284
"C:/Users/PolyUser/Documents/Unreal Projects/Incubator/Content/Scripts/Blueprint/AI/Controllers/BP_AIController.uasset" 285
"C:/Users/PolyUser/Documents/Unreal Projects/Incubator/Content/Mannequin/Character/Mesh/SK_Mannequin_PhysicsAsset.uasset" 286
"C:/Users/PolyUser/Documents/Unreal Projects/Incubator/Content/Mannequin/Character/Mesh/SK_Mannequin.uasset" 287
"../../../Engine/Content/EditorBlueprintResources/StandardMacros.uasset" 288
"C:/Users/PolyUser/Documents/Unreal Projects/Incubator/Content/Mannequin/Animations/ThirdPersonWalk.uasset" 289
"C:/Users/PolyUser/Documents/Unreal Projects/Incubator/Content/Mannequin/Animations/ThirdPersonRun.uasset" 290
"C:/Users/PolyUser/Documents/Unreal Projects/Incubator/Content/Mannequin/Animations/ThirdPersonIdle.uasset" 291
"C:/Users/PolyUser/Documents/Unreal Projects/Incubator/Content/Mannequin/Animations/ThirdPerson_IdleRun_2D.uasset" 292
"C:/Users/PolyUser/Documents/Unreal Projects/Incubator/Content/Mannequin/Animations/ThirdPerson_Jump.uasset" 293
"C:/Users/PolyUser/Documents/Unreal Projects/Incubator/Content/Mannequin/Animations/ThirdPersonJump_Start.uasset" 294
"C:/Users/PolyUser/Documents/Unreal Projects/Incubator/Content/Mannequin/Animations/ThirdPersonJump_Loop.uasset" 295
"C:/Users/PolyUser/Documents/Unreal Projects/Incubator/Content/Mannequin/Animations/ThirdPerson_AnimBP.uasset" 296
"C:/Users/PolyUser/Documents/Unreal Projects/Incubator/Content/Scripts/Blueprint/AI/Character/BP_AIChar-Parent.uasset" 297
"C:/Users/PolyUser/Documents/Unreal Projects/Incubator/Content/Scripts/audio/Spawn.uasset" 298
"C:/Users/PolyUser/Documents/Unreal Projects/Incubator/Content/Geometry/Meshes/1M_Cube.uasset" 299
"C:/Users/PolyUser/Documents/Unreal Projects/Incubator/Content/Scripts/Blueprint/Other/Button.uasset" 300
"C:/Users/PolyUser/Documents/Unreal Projects/Incubator/Content/Scripts/Blueprint/Button.uasset" 301
"C:/Users/PolyUser/Documents/Unreal Projects/Incubator/Content/Scripts/Blueprint/AI/BP_AIChar-Parent.uasset" 302
"C:/Users/PolyUser/Documents/Unreal Projects/Incubator/Content/Scripts/Blueprint/AI/Character/BP_AIChar-Parent_Child.uasset" 303
"C:/Users/PolyUser/Documents/Unreal Projects/Incubator/Content/Scripts/Blueprint/AI/BP_AIChar-Parent_Child.uasset" 304
"C:/Users/PolyUser/Documents/Unreal Projects/Incubator/Content/Scripts/Blueprint/AI/BP_AIController.uasset" 305
"C:/Users/PolyUser/Documents/Unreal Projects/Incubator/Content/Scripts/Blueprint/AI/BP_AIController_Child.uasset" 306
"C:/Users/PolyUser/Documents/Unreal Projects/Incubator/Content/ThirdPerson/Meshes/RampMaterial.uasset" 307
"C:/Users/PolyUser/Documents/Unreal Projects/Incubator/Content/ThirdPerson/Meshes/Bump_StaticMesh.uasset" 308
"C:/Users/PolyUser/Documents/Unreal Projects/Incubator/Content/ThirdPerson/Meshes/LeftArm_StaticMesh.uasset" 309
"C:/Users/PolyUser/Documents/Unreal Projects/Incubator/Content/ThirdPerson/Meshes/Linear_Stair_StaticMesh.uasset" 310
"C:/Users/PolyUser/Documents/Unreal Projects/Incubator/Content/ThirdPerson/Meshes/Ramp_StaticMesh.uasset" 311
"C:/Users/PolyUser/Documents/Unreal Projects/Incubator/Content/ThirdPerson/Meshes/RightArm_StaticMesh.uasset" 312
"../../../Engine/Content/Animation/DefaultAnimBoneCompressionSettings.uasset" 313
"../../../Engine/Content/Animation/DefaultAnimCurveCompressionSettings.uasset" 314
"../../../Engine/Content/ArtTools/RenderToTexture/Meshes/S_1_Unit_Plane.uasset" 315
"../../../Engine/Content/EngineMaterials/DefaultMaterial.uasset" 316
"../../../Engine/Content/BasicShapes/Cone.uasset" 317
"../../../Engine/Content/BasicShapes/Cube.uasset" 318
"../../../Engine/Content/BasicShapes/Plane.uasset" 319
"../../../Engine/Content/BasicShapes/Sphere.uasset" 320
"../../../Engine/Content/EditorLandscapeResources/DataLayer.uasset" 321
"../../../Engine/Content/EditorLandscapeResources/DefaultAlphaTexture.uasset" 322
"../../../Engine/Content/EditorMaterials/MAT_Groups_Toggle.uasset" 323
"../../../Engine/Content/EditorMaterials/MAT_Groups_Visibility.uasset" 324
"../../../Engine/Content/EditorMaterials/PreviewShadowIndicator.uasset" 325
"../../../Engine/Content/EditorMaterials/PreviewShadowIndicatorMaterial.uasset" 326
"../../../Engine/Content/EditorMaterials/MatineeGroups/MAT_ColorTrack.uasset" 327
"../../../Engine/Content/EditorMaterials/MatineeGroups/MAT_Groups_Anim.uasset" 328
"../../../Engine/Content/EditorMaterials/MatineeGroups/MAT_Groups_AudioMaster.uasset" 329
"../../../Engine/Content/EditorMaterials/MatineeGroups/MAT_Groups_Director.uasset" 330
"../../../Engine/Content/EditorMaterials/MatineeGroups/MAT_Groups_Event.uasset" 331
"../../../Engine/Content/EditorMaterials/MatineeGroups/MAT_Groups_Fade.uasset" 332
"../../../Engine/Content/EditorMaterials/MatineeGroups/MAT_Groups_Float.uasset" 333
"../../../Engine/Content/EditorMaterials/MatineeGroups/MAT_Groups_Move.uasset" 334
"../../../Engine/Content/EditorMaterials/MatineeGroups/MAT_Groups_Slomo.uasset" 335
"../../../Engine/Content/EditorMaterials/MatineeGroups/MAT_Groups_Sound.uasset" 336
"../../../Engine/Content/EditorMaterials/MatineeGroups/MAT_Groups_Vector.uasset" 337
"../../../Engine/Content/EditorMaterials/ParticleSystems/PSysThumbnail_NoImage.uasset" 338
"../../../Engine/Content/EditorMaterials/ParticleSystems/PSysThumbnail_OOD.uasset" 339
"../../../Engine/Content/EditorMaterials/Camera/CineMat.uasset" 340
"../../../Engine/Content/EditorMaterials/Camera/MI_CineMat_Rig.uasset" 341
"../../../Engine/Content/EditorMeshes/Camera/SM_CraneRig_Arm.uasset" 342
"../../../Engine/Content/EditorMeshes/Camera/SM_CraneRig_Base.uasset" 343
"../../../Engine/Content/EditorMeshes/Camera/SM_CraneRig_Body.uasset" 344
"../../../Engine/Content/EditorMeshes/Camera/SM_CraneRig_Mount.uasset" 345
"../../../Engine/Content/EditorMeshes/Camera/SM_RailRig_Mount.uasset" 346
"../../../Engine/Content/EditorMeshes/Camera/SM_RailRig_Track.uasset" 347
"../../../Engine/Content/EditorResources/BSPVertex.uasset" 348
"../../../Engine/Content/EditorResources/EmptyActor.uasset" 349
"../../../Engine/Content/EditorResources/S_Actor.uasset" 350
"../../../Engine/Content/EditorResources/S_Note.uasset" 351
"../../../Engine/Content/EditorResources/S_Solver.uasset" 352
"../../../Engine/Content/EditorResources/S_Terrain.uasset" 353
"../../../Engine/Content/EditorResources/S_Trigger.uasset" 354
"../../../Engine/Content/EditorResources/LightIcons/S_LightError.uasset" 355
"../../../Engine/Content/EditorResources/SequenceRecorder/Countdown.uasset" 356
"../../../Engine/Content/EditorResources/SequenceRecorder/RecordingIndicator.uasset" 357
"../../../Engine/Content/EngineDamageTypes/DmgTypeBP_Environmental.uasset" 358
"../../../Engine/Content/EngineDebugMaterials/DebugEditorMaterial.uasset" 359
"../../../Engine/Content/EngineDebugMaterials/DebugMeshMaterial.uasset" 360
"../../../Engine/Content/EngineDebugMaterials/M_SimpleUnlitTranslucent.uasset" 361
"../../../Engine/Content/EngineDebugMaterials/VolumeToRender.uasset" 362
"../../../Engine/Content/Functions/Engine_MaterialFunctions02/Utility/CameraDirectionVector.uasset" 363
"../../../Engine/Content/EngineDebugMaterials/M_VolumeRenderSphereTracePP.uasset" 364
"../../../Engine/Content/Functions/Engine_MaterialFunctions01/Shading/ConvertFromDiffSpec.uasset" 365
"../../../Engine/Content/EngineDebugMaterials/VertexColorMaterial.uasset" 366
"../../../Engine/Content/EngineDebugMaterials/WireframeMaterial.uasset" 367
"../../../Engine/Content/EngineFonts/Faces/RobotoRegular.uasset" 368
"../../../Engine/Content/EngineFonts/Faces/RobotoLight.uasset" 369
"../../../Engine/Content/EngineFonts/Faces/RobotoItalic.uasset" 370
"../../../Engine/Content/EngineFonts/Faces/RobotoBoldItalic.uasset" 371
"../../../Engine/Content/EngineFonts/Faces/RobotoBold.uasset" 372
"../../../Engine/Content/EngineFonts/Faces/DroidSansFallback.uasset" 373
"../../../Engine/Content/EngineFonts/Roboto.uasset" 374
"../../../Engine/Content/EngineMaterials/BaseFlattenNormalMap.uasset" 375
"../../../Engine/Content/EngineMaterials/BaseFlattenGrayscaleMap.uasset" 376
"../../../Engine/Content/EngineMaterials/BaseFlattenEmissiveMap.uasset" 377
"../../../Engine/Content/EngineMaterials/BaseFlattenDiffuseMap.uasset" 378
"../../../Engine/Content/EngineMaterials/BaseFlattenMaterial.uasset" 379
"../../../Engine/Content/EngineMaterials/BlueNoise.uasset" 380
"../../../Engine/Content/EngineMaterials/DefaultBloomKernel.uasset" 381
"../../../Engine/Content/EngineMaterials/DefaultBokeh.uasset" 382
"../../../Engine/Content/EngineMaterials/DefaultDiffuse.uasset" 383
"../../../Engine/Content/EngineMaterials/DefaultDeferredDecalMaterial.uasset" 384
"../../../Engine/Content/EngineMaterials/DefaultLightFunctionMaterial.uasset" 385
"../../../Engine/Content/EngineMaterials/DefaultPhysicalMaterial.uasset" 386
"../../../Engine/Content/Functions/Engine_MaterialFunctions02/Utility/BreakOutFloat2Components.uasset" 387
"../../../Engine/Content/EngineMaterials/DefaultPostProcessMaterial.uasset" 388
"../../../Engine/Content/EngineFonts/RobotoDistanceField.uasset" 389
"../../../Engine/Content/EngineMaterials/DefaultTextMaterialOpaque.uasset" 390
"../../../Engine/Content/EngineMaterials/DefaultWhiteGrid.uasset" 391
"../../../Engine/Content/EngineMaterials/DefaultWhiteGrid_Low.uasset" 392
"../../../Engine/Content/EngineMaterials/EmissiveMeshMaterial.uasset" 393
"../../../Engine/Content/EngineMaterials/GizmoMaterial.uasset" 394
"../../../Engine/Content/EngineMaterials/Good64x64TilingNoiseHighFreq.uasset" 395
"../../../Engine/Content/EngineMaterials/MiniFont.uasset" 396
"../../../Engine/Content/EngineMaterials/InvalidLightmapSettings.uasset" 397
"../../../Engine/Content/EngineMaterials/M_InvalidLightmapSettings.uasset" 398
"../../../Engine/Content/Functions/Engine_MaterialFunctions02/WorldPositionOffset/CameraOffset.uasset" 399
"../../../Engine/Content/EngineMaterials/PhAT_JointLimitMaterial.uasset" 400
"../../../Engine/Content/EngineMaterials/PreintegratedSkinBRDF.uasset" 401
"../../../Engine/Content/EngineMaterials/RemoveSurfaceMaterial.uasset" 402
"../../../Engine/Content/EngineMaterials/WeightMapPlaceholderTexture.uasset" 403
"../../../Engine/Content/EngineResources/WhiteSquareTexture.uasset" 404
"../../../Engine/Content/EngineMaterials/Widget3DPassThrough.uasset" 405
"../../../Engine/Content/EngineMaterials/Widget3DPassThrough_Masked.uasset" 406
"../../../Engine/Content/EngineMaterials/Widget3DPassThrough_Opaque.uasset" 407
"../../../Engine/Content/EngineMaterials/Widget3DPassThrough_Masked_OneSided.uasset" 408
"../../../Engine/Content/EngineMaterials/Widget3DPassThrough_Opaque_OneSided.uasset" 409
"../../../Engine/Content/EngineMaterials/Widget3DPassThrough_Translucent.uasset" 410
"../../../Engine/Content/EngineMaterials/Widget3DPassThrough_Translucent_OneSided.uasset" 411
"../../../Engine/Content/EngineMeshes/Cylinder.uasset" 412
"../../../Engine/Content/EngineMeshes/Sphere.uasset" 413
"../../../Engine/Content/EngineResources/Black.uasset" 414
"../../../Engine/Content/EngineResources/DefaultTextureCube.uasset" 415
"../../../Engine/Content/EngineResources/DefaultVolumeTexture2D.uasset" 416
"../../../Engine/Content/EngineResources/DefaultVolumeTexture.uasset" 417
"../../../Engine/Content/EngineResources/GradientTexture0.uasset" 418
"../../../Engine/Content/EngineSky/VolumetricClouds/T_NoiseShape64.uasset" 419
"../../../Engine/Content/EngineSky/VolumetricClouds/T_VolumeNoiseShape64.uasset" 420
"../../../Engine/Content/EngineSky/VolumetricClouds/T_NoiseErosion.uasset" 421
"../../../Engine/Content/EngineSky/VolumetricClouds/T_VolumeNoiseErosion32.uasset" 422
"../../../Engine/Content/EngineSky/VolumetricClouds/CloudWeatherTexture.uasset" 423
"../../../Engine/Content/EngineSky/VolumetricClouds/CloudGradientTexture.uasset" 424
"../../../Engine/Content/Functions/Engine_MaterialFunctions02/Utility/MakeFloat2.uasset" 425
"../../../Engine/Content/EngineSky/VolumetricClouds/m_SimpleVolumetricCloud.uasset" 426
"../../../Engine/Content/EngineSky/VolumetricClouds/m_SimpleVolumetricCloud_Inst.uasset" 427
"../../../Engine/Content/EngineSounds/Master.uasset" 428
"../../../Engine/Content/Functions/Engine_MaterialFunctions01/Shading/PowerToRoughness.uasset" 429
"../../../Engine/Content/Maps/Templates/Thumbnails/Default.uasset" 430
"../../../Engine/Content/Maps/Templates/Thumbnails/TimeOfDay.uasset" 431
"../../../Engine/Content/Maps/Templates/Thumbnails/VR-Basic.uasset" 432
"../../../Engine/Content/MobileResources/T_MobileControls_texture.uasset" 433
"../../../Engine/Content/MobileResources/T_MobileMenu2.uasset" 434
"../../../Engine/Content/MobileResources/HUD/AnalogHat.uasset" 435
"../../../Engine/Content/MobileResources/HUD/VirtualJoystick_Thumb.uasset" 436
"../../../Engine/Content/MobileResources/HUD/VirtualJoystick_Background.uasset" 437
"../../../Engine/Content/MobileResources/HUD/DefaultVirtualJoysticks.uasset" 438
"../../../Engine/Content/MobileResources/HUD/LeftVirtualJoystickOnly.uasset" 439
"../../../Engine/Content/MobileResources/HUD/MobileHUDButton1_off.uasset" 440
"../../../Engine/Content/MobileResources/HUD/MobileHUDButton1_on.uasset" 441
"../../../Engine/Content/MobileResources/HUD/MobileHUDButton2_off.uasset" 442
"../../../Engine/Content/MobileResources/HUD/MobileHUDButton2_on.uasset" 443
"../../../Engine/Content/MobileResources/HUD/MobileHUDButton3.uasset" 444
"../../../Engine/Content/MobileResources/HUD/MobileHUDButtonFire.uasset" 445
"../../../Engine/Content/MobileResources/HUD/MobileHUDDirectionPad.uasset" 446
"../../../Engine/Content/MobileResources/HUD/MobileHUDDirectionPad2.uasset" 447
"../../../Engine/Content/MobileResources/HUD/MobileHUDDirectionPad3.uasset" 448
"../../../Engine/Content/MobileResources/HUD/MobileHUDDirectionStick.uasset" 449
"../../../Engine/Content/MobileResources/HUD/T_Castle_ThumbstickInner.uasset" 450
"../../../Engine/Content/MobileResources/HUD/T_Castle_ThumbstickOutter.uasset" 451
"../../../Engine/Content/Tutorial/ContentIntroCurve.uasset" 452
"../../../Engine/Content/Tutorial/Basics/LevelEditorAttract.uasset" 453
"../../../Engine/Content/VREditor/TransformGizmo/TranslucentTransformGizmoMaterial.uasset" 454
"../../../Engine/Content/VREditor/LaserPointer/VR_LaserPower_01.uasset" 455
"../../../Engine/Content/VREditor/TransformGizmo/TransformGizmoMaterial.uasset" 456
"../../../Engine/Content/VREditor/TransformGizmo/BoundingBoxCorner.uasset" 457
"../../../Engine/Content/VREditor/TransformGizmo/BoundingBoxEdge.uasset" 458
"../../../Engine/Content/VREditor/TransformGizmo/PlaneTranslationHandle.uasset" 459
"../../../Engine/Content/VREditor/TransformGizmo/Xray.uasset" 460
"../../../Engine/Content/VREditor/TransformGizmo/Main.uasset" 461
"../../../Engine/Content/VREditor/TransformGizmo/SM_Sequencer_Key.uasset" 462
"../../../Engine/Content/VREditor/TransformGizmo/SM_Sequencer_Node.uasset" 463
"../../Plugins/2D/Paper2D/Content/PlaceholderTextures/DummySpriteTexture.uasset" 464
"../../Plugins/2D/Paper2D/Content/DummySprite.uasset" 465
"../../Plugins/2D/Paper2D/Content/DefaultPaperTerrainMaterial.uasset" 466
"../../Plugins/2D/Paper2D/Content/DefaultSpriteMaterial.uasset" 467
"../../Plugins/2D/Paper2D/Content/MaskedUnlitSpriteMaterial.uasset" 468
"../../Plugins/2D/Paper2D/Content/OpaqueUnlitSpriteMaterial.uasset" 469
"../../../Engine/Content/Functions/Engine_MaterialFunctions02/Utility/BreakOutFloat3Components.uasset" 470
"../../Plugins/Editor/SpeedTreeImporter/Content/SpeedTree9/UnpackInteger3.uasset" 471
"../../Plugins/Editor/SpeedTreeImporter/Content/SpeedTree9/UnpackDirection.uasset" 472
"../../Plugins/Editor/SpeedTreeImporter/Content/SpeedTree9/game_wind_noise.uasset" 473
"../../../Engine/Content/Functions/Engine_MaterialFunctions02/SafeNormalize.uasset" 474
"../../Plugins/Editor/SpeedTreeImporter/Content/SpeedTree9/SpeedTreeWindMotion.uasset" 475
"../../Plugins/Editor/SpeedTreeImporter/Content/SpeedTree9/SpeedTreeBranchMotion.uasset" 476
"../../../Engine/Content/Functions/Engine_MaterialFunctions02/ObjectLocalBounds.uasset" 477
"../../../Engine/Content/Functions/Engine_MaterialFunctions02/UVs/BoundingBoxBased_0-1_UVW.uasset" 478
"../../Plugins/Editor/SpeedTreeImporter/Content/SpeedTree9/SpeedTreeWind.uasset" 479
"../../Plugins/Editor/SpeedTreeImporter/Content/SpeedTree9/SpeedTreeBillboard.uasset" 480
"../../../Engine/Content/EngineResources/DefaultTexture.uasset" 481
"../../Plugins/Editor/SpeedTreeImporter/Content/SpeedTree9/SpeedTreeBillboardMaster.uasset" 482
"../../Plugins/Editor/SpeedTreeImporter/Content/SpeedTree9/SpeedTreeCameraFacing.uasset" 483
"../../Plugins/Editor/SpeedTreeImporter/Content/SpeedTree9/SpeedTreeMaster.uasset" 484
"../../../Engine/Content/BasicShapes/Cylinder.uasset" 485
"../../../Engine/Content/ArtTools/RenderToTexture/Materials/Debug/M_Emissive_Color.uasset" 486
"../../Plugins/Lumin/MagicLeapPassableWorld/Content/MagicLeapARPinInfoActor.uasset" 487
"../../../Engine/Content/Functions/Engine_MaterialFunctions02/Utility/BreakOutFloat4Components.uasset" 488
"../../../Engine/Content/Functions/Engine_MaterialFunctions02/Utility/MakeFloat3.uasset" 489
"../../Plugins/Runtime/Oculus/OculusVR/Content/Materials/OculusMR_ChromaKey.uasset" 490
"../../Plugins/Runtime/Oculus/OculusVR/Content/Materials/OculusMR_OpaqueColoredMaterial.uasset" 491
"../../Plugins/Runtime/Oculus/OculusVR/Content/Materials/PokeAHoleMaterial.uasset" 492
"../../../Engine/Content/EngineSky/T_Sky_Stars.uasset" 493
"../../../Engine/Content/EngineSky/T_Sky_Clouds_M.uasset" 494
"../../../Engine/Content/EngineSky/T_Sky_Blue.uasset" 495
"../../../Engine/Content/EngineSky/M_Sky_Panning_Clouds2.uasset" 496
"C:/Users/PolyUser/Documents/Unreal Projects/Incubator/Content/ThirdPersonCPP/Maps/Level_1_BuiltData.uasset" 497
"../../../Engine/Content/EngineSky/SM_SkySphere.uasset" 498
"../../../Engine/Content/EngineSky/C_Sky_Zenith_Color.uasset" 499
"../../../Engine/Content/EngineSky/C_Sky_Horizon_Color.uasset" 500
"../../../Engine/Content/EngineSky/C_Sky_Cloud_Color.uasset" 501
"../../../Engine/Content/EngineSky/BP_Sky_Sphere.uasset" 502
"C:/Users/PolyUser/Documents/Unreal Projects/Incubator/Content/StarterContent/Props/SM_GlassWindow.uasset" 503
"C:/Users/PolyUser/Documents/Unreal Projects/Incubator/Content/StarterContent/Textures/T_Bush_N.uasset" 504
"C:/Users/PolyUser/Documents/Unreal Projects/Incubator/Content/StarterContent/Textures/T_Bush_D.uasset" 505
"C:/Users/PolyUser/Documents/Unreal Projects/Incubator/Content/StarterContent/Props/Materials/M_Bush.uasset" 506
"C:/Users/PolyUser/Documents/Unreal Projects/Incubator/Content/StarterContent/Props/SM_Bush.uasset" 507
"C:/Users/PolyUser/Documents/Unreal Projects/Incubator/Content/StarterContent/Textures/T_Wood_Walnut_N.uasset" 508
"C:/Users/PolyUser/Documents/Unreal Projects/Incubator/Content/StarterContent/Textures/T_Wood_Walnut_D.uasset" 509
"C:/Users/PolyUser/Documents/Unreal Projects/Incubator/Content/StarterContent/Materials/M_Wood_Walnut.uasset" 510
"C:/Users/PolyUser/Documents/Unreal Projects/Incubator/Content/Scripts/Widgets/WBP_Crosshair.uasset" 511
"C:/Users/PolyUser/Documents/Unreal Projects/Incubator/Content/ThirdPersonCPP/Blueprints/ThirdPersonCharacter.uasset" 512
"C:/Users/PolyUser/Documents/Unreal Projects/Incubator/Content/StarterContent/Textures/T_RockMesh_N.uasset" 513
"C:/Users/PolyUser/Documents/Unreal Projects/Incubator/Content/StarterContent/Textures/T_RockMesh_M.uasset" 514
"C:/Users/PolyUser/Documents/Unreal Projects/Incubator/Content/StarterContent/Props/Materials/M_Rock.uasset" 515
"C:/Users/PolyUser/Documents/Unreal Projects/Incubator/Content/StarterContent/Props/SM_Rock.uasset" 516
"C:/Users/PolyUser/Documents/Unreal Projects/Incubator/Content/StarterContent/Props/SM_Bush_Multy.uasset" 517
"C:/Users/PolyUser/Documents/Unreal Projects/Incubator/Content/Scripts/Blueprint/Other/BP_Fire.uasset" 518
"C:/Users/PolyUser/Documents/Unreal Projects/Incubator/Content/Scripts/Blueprint/AI/Character/BP_AIChar-Parent_Child_2.uasset" 519
"C:/Users/PolyUser/Documents/Unreal Projects/Incubator/Content/StarterContent/Shapes/Shape_Pipe.uasset" 520
"C:/Users/PolyUser/Documents/Unreal Projects/Incubator/Content/StarterContent/Textures/T_Metal_Rust_D.uasset" 521
"C:/Users/PolyUser/Documents/Unreal Projects/Incubator/Content/StarterContent/Materials/M_Metal_Rust.uasset" 522
"C:/Users/PolyUser/Documents/Unreal Projects/Incubator/Content/StarterContent/Audio/Starter_Background_Cue.uasset" 523
"C:/Users/PolyUser/Documents/Unreal Projects/Incubator/Content/Geometry/Meshes/TemplateFloor.uasset" 524
"C:/Users/PolyUser/Documents/Unreal Projects/Incubator/Content/ThirdPersonCPP/Maps/Level_1.umap" 525
